<?xml version="1.0" encoding="UTF-8"?>
<coverage generated="1557619379072" clover="3.2.0">
  <project timestamp="1557619379072" name="All files">
    <metrics statements="67" coveredstatements="37" conditionals="4" coveredconditionals="2" methods="42" coveredmethods="24" elements="113" coveredelements="63" complexity="0" loc="67" ncloc="67" packages="2" files="11" classes="11">
      <package name="src">
        <metrics statements="1" coveredstatements="1" conditionals="0" coveredconditionals="0" methods="1" coveredmethods="1"/>
        <file name="App.js" path="/Users/christophernady/Development/code/dfs-insights-react-client/src/App.js">
          <metrics statements="1" coveredstatements="1" conditionals="0" coveredconditionals="0" methods="1" coveredmethods="1"/>
          <line num="7" count="1" type="stmt"/>
        </file>
      </package>
      <package name="src.Components">
        <metrics statements="66" coveredstatements="36" conditionals="4" coveredconditionals="2" methods="41" coveredmethods="23"/>
        <file name="BackButton.jsx" path="/Users/christophernady/Development/code/dfs-insights-react-client/src/Components/BackButton.jsx">
          <metrics statements="2" coveredstatements="2" conditionals="0" coveredconditionals="0" methods="2" coveredmethods="2"/>
          <line num="6" count="4" type="stmt"/>
          <line num="10" count="4" type="stmt"/>
        </file>
        <file name="Entries.jsx" path="/Users/christophernady/Development/code/dfs-insights-react-client/src/Components/Entries.jsx">
          <metrics statements="17" coveredstatements="6" conditionals="2" coveredconditionals="1" methods="8" coveredmethods="3"/>
          <line num="9" count="1" type="stmt"/>
          <line num="11" count="1" type="stmt"/>
          <line num="17" count="1" type="stmt"/>
          <line num="18" count="1" type="cond" truecount="1" falsecount="1"/>
          <line num="19" count="1" type="stmt"/>
          <line num="28" count="0" type="stmt"/>
          <line num="31" count="0" type="stmt"/>
          <line num="32" count="0" type="stmt"/>
          <line num="35" count="0" type="stmt"/>
          <line num="46" count="0" type="stmt"/>
          <line num="47" count="0" type="stmt"/>
          <line num="52" count="0" type="stmt"/>
          <line num="54" count="0" type="stmt"/>
          <line num="55" count="0" type="stmt"/>
          <line num="58" count="0" type="stmt"/>
          <line num="69" count="0" type="stmt"/>
          <line num="74" count="1" type="stmt"/>
        </file>
        <file name="Entry.jsx" path="/Users/christophernady/Development/code/dfs-insights-react-client/src/Components/Entry.jsx">
          <metrics statements="1" coveredstatements="1" conditionals="0" coveredconditionals="0" methods="1" coveredmethods="1"/>
          <line num="5" count="1" type="stmt"/>
        </file>
        <file name="HomeButton.jsx" path="/Users/christophernady/Development/code/dfs-insights-react-client/src/Components/HomeButton.jsx">
          <metrics statements="2" coveredstatements="2" conditionals="0" coveredconditionals="0" methods="2" coveredmethods="2"/>
          <line num="7" count="4" type="stmt"/>
          <line num="11" count="4" type="stmt"/>
        </file>
        <file name="IntroText.jsx" path="/Users/christophernady/Development/code/dfs-insights-react-client/src/Components/IntroText.jsx">
          <metrics statements="1" coveredstatements="1" conditionals="0" coveredconditionals="0" methods="1" coveredmethods="1"/>
          <line num="6" count="1" type="stmt"/>
        </file>
        <file name="Lineup.jsx" path="/Users/christophernady/Development/code/dfs-insights-react-client/src/Components/Lineup.jsx">
          <metrics statements="8" coveredstatements="8" conditionals="0" coveredconditionals="0" methods="4" coveredmethods="4"/>
          <line num="5" count="1" type="stmt"/>
          <line num="7" count="1" type="stmt"/>
          <line num="13" count="1" type="stmt"/>
          <line num="14" count="1" type="stmt"/>
          <line num="15" count="1" type="stmt"/>
          <line num="16" count="1" type="stmt"/>
          <line num="18" count="1" type="stmt"/>
          <line num="22" count="2" type="stmt"/>
        </file>
        <file name="Player.jsx" path="/Users/christophernady/Development/code/dfs-insights-react-client/src/Components/Player.jsx">
          <metrics statements="1" coveredstatements="1" conditionals="0" coveredconditionals="0" methods="1" coveredmethods="1"/>
          <line num="5" count="1" type="stmt"/>
        </file>
        <file name="Players.jsx" path="/Users/christophernady/Development/code/dfs-insights-react-client/src/Components/Players.jsx">
          <metrics statements="15" coveredstatements="6" conditionals="2" coveredconditionals="1" methods="8" coveredmethods="3"/>
          <line num="8" count="1" type="stmt"/>
          <line num="10" count="1" type="stmt"/>
          <line num="16" count="1" type="stmt"/>
          <line num="17" count="1" type="cond" truecount="1" falsecount="1"/>
          <line num="18" count="1" type="stmt"/>
          <line num="27" count="0" type="stmt"/>
          <line num="30" count="0" type="stmt"/>
          <line num="31" count="0" type="stmt"/>
          <line num="40" count="0" type="stmt"/>
          <line num="41" count="0" type="stmt"/>
          <line num="46" count="0" type="stmt"/>
          <line num="48" count="0" type="stmt"/>
          <line num="49" count="0" type="stmt"/>
          <line num="58" count="0" type="stmt"/>
          <line num="63" count="1" type="stmt"/>
        </file>
        <file name="Slate.jsx" path="/Users/christophernady/Development/code/dfs-insights-react-client/src/Components/Slate.jsx">
          <metrics statements="8" coveredstatements="5" conditionals="0" coveredconditionals="0" methods="6" coveredmethods="3"/>
          <line num="9" count="1" type="stmt"/>
          <line num="11" count="1" type="stmt"/>
          <line num="17" count="1" type="stmt"/>
          <line num="26" count="0" type="stmt"/>
          <line num="29" count="0" type="stmt"/>
          <line num="31" count="0" type="stmt"/>
          <line num="35" count="1" type="stmt"/>
          <line num="41" count="1" type="stmt"/>
        </file>
        <file name="Slates.jsx" path="/Users/christophernady/Development/code/dfs-insights-react-client/src/Components/Slates.jsx">
          <metrics statements="11" coveredstatements="4" conditionals="0" coveredconditionals="0" methods="8" coveredmethods="3"/>
          <line num="7" count="2" type="stmt"/>
          <line num="9" count="2" type="stmt"/>
          <line num="15" count="0" type="stmt"/>
          <line num="16" count="0" type="stmt"/>
          <line num="20" count="2" type="stmt"/>
          <line num="24" count="0" type="stmt"/>
          <line num="27" count="0" type="stmt"/>
          <line num="28" count="0" type="stmt"/>
          <line num="51" count="0" type="stmt"/>
          <line num="53" count="0" type="stmt"/>
          <line num="57" count="2" type="stmt"/>
        </file>
      </package>
    </metrics>
  </project>
</coverage>
