{"/Users/christophernady/Development/code/dfs-insights-react-client/src/App.js": {"path":"/Users/christophernady/Development/code/dfs-insights-react-client/src/App.js","statementMap":{"0":{"start":{"line":7,"column":4},"end":{"line":11,"column":6}}},"fnMap":{"0":{"name":"(anonymous_0)","decl":{"start":{"line":6,"column":2},"end":{"line":6,"column":3}},"loc":{"start":{"line":6,"column":11},"end":{"line":12,"column":3}},"line":6}},"branchMap":{},"s":{"0":1},"f":{"0":1},"b":{},"_coverageSchema":"332fd63041d2c1bcb487cc26dd0d5f7d97098a6c","hash":"b20ba827bb72f82a3ebed056c6602cfafc33ccbc"}
,"/Users/christophernady/Development/code/dfs-insights-react-client/src/Components/BackButton.jsx": {"path":"/Users/christophernady/Development/code/dfs-insights-react-client/src/Components/BackButton.jsx","statementMap":{"0":{"start":{"line":6,"column":18},"end":{"line":6,"column":22}},"1":{"start":{"line":10,"column":4},"end":{"line":22,"column":6}}},"fnMap":{"0":{"name":"(anonymous_0)","decl":{"start":{"line":6,"column":12},"end":{"line":6,"column":13}},"loc":{"start":{"line":6,"column":18},"end":{"line":6,"column":22}},"line":6},"1":{"name":"(anonymous_1)","decl":{"start":{"line":9,"column":2},"end":{"line":9,"column":3}},"loc":{"start":{"line":9,"column":11},"end":{"line":23,"column":3}},"line":9}},"branchMap":{},"s":{"0":4,"1":4},"f":{"0":4,"1":4},"b":{},"_coverageSchema":"332fd63041d2c1bcb487cc26dd0d5f7d97098a6c","hash":"e63f284d11ee0ac372ec9af95c599715d458e1fe"}
,"/Users/christophernady/Development/code/dfs-insights-react-client/src/Components/Entries.jsx": {"path":"/Users/christophernady/Development/code/dfs-insights-react-client/src/Components/Entries.jsx","statementMap":{"0":{"start":{"line":9,"column":4},"end":{"line":9,"column":17}},"1":{"start":{"line":11,"column":4},"end":{"line":13,"column":6}},"2":{"start":{"line":17,"column":17},"end":{"line":17,"column":77}},"3":{"start":{"line":18,"column":4},"end":{"line":70,"column":5}},"4":{"start":{"line":19,"column":6},"end":{"line":52,"column":56}},"5":{"start":{"line":28,"column":10},"end":{"line":28,"column":33}},"6":{"start":{"line":31,"column":23},"end":{"line":45,"column":12}},"7":{"start":{"line":32,"column":25},"end":{"line":34,"column":13}},"8":{"start":{"line":35,"column":12},"end":{"line":44,"column":14}},"9":{"start":{"line":46,"column":10},"end":{"line":46,"column":42}},"10":{"start":{"line":47,"column":10},"end":{"line":50,"column":12}},"11":{"start":{"line":52,"column":24},"end":{"line":52,"column":54}},"12":{"start":{"line":54,"column":19},"end":{"line":68,"column":8}},"13":{"start":{"line":55,"column":21},"end":{"line":57,"column":9}},"14":{"start":{"line":58,"column":8},"end":{"line":67,"column":10}},"15":{"start":{"line":69,"column":6},"end":{"line":69,"column":38}},"16":{"start":{"line":74,"column":4},"end":{"line":92,"column":6}}},"fnMap":{"0":{"name":"(anonymous_0)","decl":{"start":{"line":8,"column":2},"end":{"line":8,"column":3}},"loc":{"start":{"line":8,"column":21},"end":{"line":14,"column":3}},"line":8},"1":{"name":"(anonymous_1)","decl":{"start":{"line":16,"column":2},"end":{"line":16,"column":3}},"loc":{"start":{"line":16,"column":22},"end":{"line":71,"column":3}},"line":16},"2":{"name":"(anonymous_2)","decl":{"start":{"line":27,"column":14},"end":{"line":27,"column":15}},"loc":{"start":{"line":27,"column":26},"end":{"line":29,"column":9}},"line":27},"3":{"name":"(anonymous_3)","decl":{"start":{"line":30,"column":14},"end":{"line":30,"column":15}},"loc":{"start":{"line":30,"column":22},"end":{"line":51,"column":9}},"line":30},"4":{"name":"(anonymous_4)","decl":{"start":{"line":31,"column":32},"end":{"line":31,"column":33}},"loc":{"start":{"line":31,"column":39},"end":{"line":45,"column":11}},"line":31},"5":{"name":"(anonymous_5)","decl":{"start":{"line":52,"column":15},"end":{"line":52,"column":16}},"loc":{"start":{"line":52,"column":24},"end":{"line":52,"column":54}},"line":52},"6":{"name":"(anonymous_6)","decl":{"start":{"line":54,"column":40},"end":{"line":54,"column":41}},"loc":{"start":{"line":54,"column":47},"end":{"line":68,"column":7}},"line":54},"7":{"name":"(anonymous_7)","decl":{"start":{"line":73,"column":2},"end":{"line":73,"column":3}},"loc":{"start":{"line":73,"column":11},"end":{"line":93,"column":3}},"line":73}},"branchMap":{"0":{"loc":{"start":{"line":18,"column":4},"end":{"line":70,"column":5}},"type":"if","locations":[{"start":{"line":18,"column":4},"end":{"line":70,"column":5}},{"start":{"line":18,"column":4},"end":{"line":70,"column":5}}],"line":18}},"s":{"0":1,"1":1,"2":1,"3":1,"4":1,"5":0,"6":0,"7":0,"8":0,"9":0,"10":0,"11":0,"12":0,"13":0,"14":0,"15":0,"16":1},"f":{"0":1,"1":1,"2":0,"3":0,"4":0,"5":0,"6":0,"7":1},"b":{"0":[1,0]},"_coverageSchema":"332fd63041d2c1bcb487cc26dd0d5f7d97098a6c","hash":"572e5dc7cf2f2e38bccd4e5ccf359348b7107900"}
,"/Users/christophernady/Development/code/dfs-insights-react-client/src/Components/Entry.jsx": {"path":"/Users/christophernady/Development/code/dfs-insights-react-client/src/Components/Entry.jsx","statementMap":{"0":{"start":{"line":5,"column":4},"end":{"line":13,"column":6}}},"fnMap":{"0":{"name":"(anonymous_0)","decl":{"start":{"line":4,"column":2},"end":{"line":4,"column":3}},"loc":{"start":{"line":4,"column":11},"end":{"line":14,"column":3}},"line":4}},"branchMap":{},"s":{"0":1},"f":{"0":1},"b":{},"_coverageSchema":"332fd63041d2c1bcb487cc26dd0d5f7d97098a6c","hash":"9e7bd9bbd691fabfc35acf0c57f3b222e7c37447"}
,"/Users/christophernady/Development/code/dfs-insights-react-client/src/Components/HomeButton.jsx": {"path":"/Users/christophernady/Development/code/dfs-insights-react-client/src/Components/HomeButton.jsx","statementMap":{"0":{"start":{"line":7,"column":18},"end":{"line":7,"column":22}},"1":{"start":{"line":11,"column":4},"end":{"line":24,"column":6}}},"fnMap":{"0":{"name":"(anonymous_0)","decl":{"start":{"line":7,"column":12},"end":{"line":7,"column":13}},"loc":{"start":{"line":7,"column":18},"end":{"line":7,"column":22}},"line":7},"1":{"name":"(anonymous_1)","decl":{"start":{"line":10,"column":2},"end":{"line":10,"column":3}},"loc":{"start":{"line":10,"column":11},"end":{"line":25,"column":3}},"line":10}},"branchMap":{},"s":{"0":4,"1":4},"f":{"0":4,"1":4},"b":{},"_coverageSchema":"332fd63041d2c1bcb487cc26dd0d5f7d97098a6c","hash":"6e322ed9f9095eadbb22f3e4543e7b07a3cdbbd6"}
,"/Users/christophernady/Development/code/dfs-insights-react-client/src/Components/IntroText.jsx": {"path":"/Users/christophernady/Development/code/dfs-insights-react-client/src/Components/IntroText.jsx","statementMap":{"0":{"start":{"line":6,"column":4},"end":{"line":24,"column":6}}},"fnMap":{"0":{"name":"(anonymous_0)","decl":{"start":{"line":5,"column":2},"end":{"line":5,"column":3}},"loc":{"start":{"line":5,"column":11},"end":{"line":25,"column":3}},"line":5}},"branchMap":{},"s":{"0":1},"f":{"0":1},"b":{},"_coverageSchema":"332fd63041d2c1bcb487cc26dd0d5f7d97098a6c","hash":"6201de3446223c8d062a4cf4c056b4408eef5930"}
,"/Users/christophernady/Development/code/dfs-insights-react-client/src/Components/Lineup.jsx": {"path":"/Users/christophernady/Development/code/dfs-insights-react-client/src/Components/Lineup.jsx","statementMap":{"0":{"start":{"line":5,"column":4},"end":{"line":5,"column":17}},"1":{"start":{"line":7,"column":4},"end":{"line":9,"column":6}},"2":{"start":{"line":13,"column":16},"end":{"line":13,"column":17}},"3":{"start":{"line":14,"column":17},"end":{"line":17,"column":6}},"4":{"start":{"line":15,"column":6},"end":{"line":15,"column":17}},"5":{"start":{"line":16,"column":6},"end":{"line":16,"column":46}},"6":{"start":{"line":18,"column":4},"end":{"line":18,"column":36}},"7":{"start":{"line":22,"column":4},"end":{"line":22,"column":34}}},"fnMap":{"0":{"name":"(anonymous_0)","decl":{"start":{"line":4,"column":2},"end":{"line":4,"column":3}},"loc":{"start":{"line":4,"column":21},"end":{"line":10,"column":3}},"line":4},"1":{"name":"(anonymous_1)","decl":{"start":{"line":12,"column":2},"end":{"line":12,"column":3}},"loc":{"start":{"line":12,"column":22},"end":{"line":19,"column":3}},"line":12},"2":{"name":"(anonymous_2)","decl":{"start":{"line":14,"column":39},"end":{"line":14,"column":40}},"loc":{"start":{"line":14,"column":50},"end":{"line":17,"column":5}},"line":14},"3":{"name":"(anonymous_3)","decl":{"start":{"line":21,"column":2},"end":{"line":21,"column":3}},"loc":{"start":{"line":21,"column":11},"end":{"line":23,"column":3}},"line":21}},"branchMap":{},"s":{"0":1,"1":1,"2":1,"3":1,"4":1,"5":1,"6":1,"7":2},"f":{"0":1,"1":1,"2":1,"3":2},"b":{},"_coverageSchema":"332fd63041d2c1bcb487cc26dd0d5f7d97098a6c","hash":"0961bc31094f51cc9de538d658daced835bc3bde"}
,"/Users/christophernady/Development/code/dfs-insights-react-client/src/Components/Player.jsx": {"path":"/Users/christophernady/Development/code/dfs-insights-react-client/src/Components/Player.jsx","statementMap":{"0":{"start":{"line":5,"column":4},"end":{"line":13,"column":6}}},"fnMap":{"0":{"name":"(anonymous_0)","decl":{"start":{"line":4,"column":2},"end":{"line":4,"column":3}},"loc":{"start":{"line":4,"column":11},"end":{"line":14,"column":3}},"line":4}},"branchMap":{},"s":{"0":1},"f":{"0":1},"b":{},"_coverageSchema":"332fd63041d2c1bcb487cc26dd0d5f7d97098a6c","hash":"72ed885c0dbb577f60ee8f2766dffe8fac4ca3d0"}
,"/Users/christophernady/Development/code/dfs-insights-react-client/src/Components/Players.jsx": {"path":"/Users/christophernady/Development/code/dfs-insights-react-client/src/Components/Players.jsx","statementMap":{"0":{"start":{"line":8,"column":4},"end":{"line":8,"column":17}},"1":{"start":{"line":10,"column":4},"end":{"line":12,"column":6}},"2":{"start":{"line":16,"column":17},"end":{"line":16,"column":77}},"3":{"start":{"line":17,"column":4},"end":{"line":59,"column":5}},"4":{"start":{"line":18,"column":6},"end":{"line":46,"column":56}},"5":{"start":{"line":27,"column":10},"end":{"line":27,"column":33}},"6":{"start":{"line":30,"column":23},"end":{"line":39,"column":12}},"7":{"start":{"line":31,"column":12},"end":{"line":38,"column":14}},"8":{"start":{"line":40,"column":10},"end":{"line":40,"column":42}},"9":{"start":{"line":41,"column":10},"end":{"line":44,"column":12}},"10":{"start":{"line":46,"column":24},"end":{"line":46,"column":54}},"11":{"start":{"line":48,"column":19},"end":{"line":57,"column":8}},"12":{"start":{"line":49,"column":8},"end":{"line":56,"column":10}},"13":{"start":{"line":58,"column":6},"end":{"line":58,"column":38}},"14":{"start":{"line":63,"column":4},"end":{"line":81,"column":6}}},"fnMap":{"0":{"name":"(anonymous_0)","decl":{"start":{"line":7,"column":2},"end":{"line":7,"column":3}},"loc":{"start":{"line":7,"column":21},"end":{"line":13,"column":3}},"line":7},"1":{"name":"(anonymous_1)","decl":{"start":{"line":15,"column":2},"end":{"line":15,"column":3}},"loc":{"start":{"line":15,"column":22},"end":{"line":60,"column":3}},"line":15},"2":{"name":"(anonymous_2)","decl":{"start":{"line":26,"column":14},"end":{"line":26,"column":15}},"loc":{"start":{"line":26,"column":26},"end":{"line":28,"column":9}},"line":26},"3":{"name":"(anonymous_3)","decl":{"start":{"line":29,"column":14},"end":{"line":29,"column":15}},"loc":{"start":{"line":29,"column":22},"end":{"line":45,"column":9}},"line":29},"4":{"name":"(anonymous_4)","decl":{"start":{"line":30,"column":32},"end":{"line":30,"column":33}},"loc":{"start":{"line":30,"column":39},"end":{"line":39,"column":11}},"line":30},"5":{"name":"(anonymous_5)","decl":{"start":{"line":46,"column":15},"end":{"line":46,"column":16}},"loc":{"start":{"line":46,"column":24},"end":{"line":46,"column":54}},"line":46},"6":{"name":"(anonymous_6)","decl":{"start":{"line":48,"column":40},"end":{"line":48,"column":41}},"loc":{"start":{"line":48,"column":47},"end":{"line":57,"column":7}},"line":48},"7":{"name":"(anonymous_7)","decl":{"start":{"line":62,"column":2},"end":{"line":62,"column":3}},"loc":{"start":{"line":62,"column":11},"end":{"line":82,"column":3}},"line":62}},"branchMap":{"0":{"loc":{"start":{"line":17,"column":4},"end":{"line":59,"column":5}},"type":"if","locations":[{"start":{"line":17,"column":4},"end":{"line":59,"column":5}},{"start":{"line":17,"column":4},"end":{"line":59,"column":5}}],"line":17}},"s":{"0":1,"1":1,"2":1,"3":1,"4":1,"5":0,"6":0,"7":0,"8":0,"9":0,"10":0,"11":0,"12":0,"13":0,"14":1},"f":{"0":1,"1":1,"2":0,"3":0,"4":0,"5":0,"6":0,"7":1},"b":{"0":[1,0]},"_coverageSchema":"332fd63041d2c1bcb487cc26dd0d5f7d97098a6c","hash":"ce7447ef8b55f4c42fac5fb266a4c8ab8cdb6c04"}
,"/Users/christophernady/Development/code/dfs-insights-react-client/src/Components/Slate.jsx": {"path":"/Users/christophernady/Development/code/dfs-insights-react-client/src/Components/Slate.jsx","statementMap":{"0":{"start":{"line":9,"column":4},"end":{"line":9,"column":17}},"1":{"start":{"line":11,"column":4},"end":{"line":13,"column":6}},"2":{"start":{"line":17,"column":4},"end":{"line":31,"column":54}},"3":{"start":{"line":26,"column":8},"end":{"line":26,"column":31}},"4":{"start":{"line":29,"column":8},"end":{"line":29,"column":38}},"5":{"start":{"line":31,"column":22},"end":{"line":31,"column":52}},"6":{"start":{"line":35,"column":21},"end":{"line":40,"column":5}},"7":{"start":{"line":41,"column":4},"end":{"line":102,"column":6}}},"fnMap":{"0":{"name":"(anonymous_0)","decl":{"start":{"line":8,"column":2},"end":{"line":8,"column":3}},"loc":{"start":{"line":8,"column":21},"end":{"line":14,"column":3}},"line":8},"1":{"name":"(anonymous_1)","decl":{"start":{"line":16,"column":2},"end":{"line":16,"column":3}},"loc":{"start":{"line":16,"column":22},"end":{"line":32,"column":3}},"line":16},"2":{"name":"(anonymous_2)","decl":{"start":{"line":25,"column":12},"end":{"line":25,"column":13}},"loc":{"start":{"line":25,"column":24},"end":{"line":27,"column":7}},"line":25},"3":{"name":"(anonymous_3)","decl":{"start":{"line":28,"column":12},"end":{"line":28,"column":13}},"loc":{"start":{"line":28,"column":20},"end":{"line":30,"column":7}},"line":28},"4":{"name":"(anonymous_4)","decl":{"start":{"line":31,"column":13},"end":{"line":31,"column":14}},"loc":{"start":{"line":31,"column":22},"end":{"line":31,"column":52}},"line":31},"5":{"name":"(anonymous_5)","decl":{"start":{"line":34,"column":2},"end":{"line":34,"column":3}},"loc":{"start":{"line":34,"column":11},"end":{"line":103,"column":3}},"line":34}},"branchMap":{},"s":{"0":1,"1":1,"2":1,"3":0,"4":0,"5":0,"6":1,"7":1},"f":{"0":1,"1":1,"2":0,"3":0,"4":0,"5":1},"b":{},"_coverageSchema":"332fd63041d2c1bcb487cc26dd0d5f7d97098a6c","hash":"6b36342ca2ff43fff330df9fa32cc31897d4b3ae"}
,"/Users/christophernady/Development/code/dfs-insights-react-client/src/Components/Slates.jsx": {"path":"/Users/christophernady/Development/code/dfs-insights-react-client/src/Components/Slates.jsx","statementMap":{"0":{"start":{"line":7,"column":4},"end":{"line":7,"column":17}},"1":{"start":{"line":9,"column":4},"end":{"line":11,"column":6}},"2":{"start":{"line":15,"column":19},"end":{"line":15,"column":69}},"3":{"start":{"line":16,"column":4},"end":{"line":16,"column":20}},"4":{"start":{"line":20,"column":4},"end":{"line":53,"column":54}},"5":{"start":{"line":24,"column":8},"end":{"line":24,"column":31}},"6":{"start":{"line":27,"column":21},"end":{"line":50,"column":10}},"7":{"start":{"line":28,"column":10},"end":{"line":49,"column":12}},"8":{"start":{"line":51,"column":8},"end":{"line":51,"column":40}},"9":{"start":{"line":53,"column":22},"end":{"line":53,"column":52}},"10":{"start":{"line":57,"column":4},"end":{"line":71,"column":6}}},"fnMap":{"0":{"name":"(anonymous_0)","decl":{"start":{"line":6,"column":2},"end":{"line":6,"column":3}},"loc":{"start":{"line":6,"column":21},"end":{"line":12,"column":3}},"line":6},"1":{"name":"(anonymous_1)","decl":{"start":{"line":14,"column":2},"end":{"line":14,"column":3}},"loc":{"start":{"line":14,"column":19},"end":{"line":17,"column":3}},"line":14},"2":{"name":"(anonymous_2)","decl":{"start":{"line":19,"column":2},"end":{"line":19,"column":3}},"loc":{"start":{"line":19,"column":22},"end":{"line":54,"column":3}},"line":19},"3":{"name":"(anonymous_3)","decl":{"start":{"line":23,"column":12},"end":{"line":23,"column":13}},"loc":{"start":{"line":23,"column":24},"end":{"line":25,"column":7}},"line":23},"4":{"name":"(anonymous_4)","decl":{"start":{"line":26,"column":12},"end":{"line":26,"column":13}},"loc":{"start":{"line":26,"column":20},"end":{"line":52,"column":7}},"line":26},"5":{"name":"(anonymous_5)","decl":{"start":{"line":27,"column":30},"end":{"line":27,"column":31}},"loc":{"start":{"line":27,"column":37},"end":{"line":50,"column":9}},"line":27},"6":{"name":"(anonymous_6)","decl":{"start":{"line":53,"column":13},"end":{"line":53,"column":14}},"loc":{"start":{"line":53,"column":22},"end":{"line":53,"column":52}},"line":53},"7":{"name":"(anonymous_7)","decl":{"start":{"line":56,"column":2},"end":{"line":56,"column":3}},"loc":{"start":{"line":56,"column":11},"end":{"line":72,"column":3}},"line":56}},"branchMap":{},"s":{"0":2,"1":2,"2":0,"3":0,"4":2,"5":0,"6":0,"7":0,"8":0,"9":0,"10":2},"f":{"0":2,"1":0,"2":2,"3":0,"4":0,"5":0,"6":0,"7":2},"b":{},"_coverageSchema":"332fd63041d2c1bcb487cc26dd0d5f7d97098a6c","hash":"07e1354c77ef50fe5fe6b9c5bf16d6c8ca98546e"}
}
