TN:
SF:/Users/christophernady/Development/code/dfs-insights-react-client/src/App.js
FN:6,(anonymous_0)
FNF:1
FNH:1
FNDA:1,(anonymous_0)
DA:7,1
LF:1
LH:1
BRF:0
BRH:0
end_of_record
TN:
SF:/Users/christophernady/Development/code/dfs-insights-react-client/src/Components/BackButton.jsx
FN:6,(anonymous_0)
FN:9,(anonymous_1)
FNF:2
FNH:2
FNDA:4,(anonymous_0)
FNDA:4,(anonymous_1)
DA:6,4
DA:10,4
LF:2
LH:2
BRF:0
BRH:0
end_of_record
TN:
SF:/Users/christophernady/Development/code/dfs-insights-react-client/src/Components/Entries.jsx
FN:8,(anonymous_0)
FN:16,(anonymous_1)
FN:27,(anonymous_2)
FN:30,(anonymous_3)
FN:31,(anonymous_4)
FN:52,(anonymous_5)
FN:54,(anonymous_6)
FN:73,(anonymous_7)
FNF:8
FNH:3
FNDA:1,(anonymous_0)
FNDA:1,(anonymous_1)
FNDA:0,(anonymous_2)
FNDA:0,(anonymous_3)
FNDA:0,(anonymous_4)
FNDA:0,(anonymous_5)
FNDA:0,(anonymous_6)
FNDA:1,(anonymous_7)
DA:9,1
DA:11,1
DA:17,1
DA:18,1
DA:19,1
DA:28,0
DA:31,0
DA:32,0
DA:35,0
DA:46,0
DA:47,0
DA:52,0
DA:54,0
DA:55,0
DA:58,0
DA:69,0
DA:74,1
LF:17
LH:6
BRDA:18,0,0,1
BRDA:18,0,1,0
BRF:2
BRH:1
end_of_record
TN:
SF:/Users/christophernady/Development/code/dfs-insights-react-client/src/Components/Entry.jsx
FN:4,(anonymous_0)
FNF:1
FNH:1
FNDA:1,(anonymous_0)
DA:5,1
LF:1
LH:1
BRF:0
BRH:0
end_of_record
TN:
SF:/Users/christophernady/Development/code/dfs-insights-react-client/src/Components/HomeButton.jsx
FN:7,(anonymous_0)
FN:10,(anonymous_1)
FNF:2
FNH:2
FNDA:4,(anonymous_0)
FNDA:4,(anonymous_1)
DA:7,4
DA:11,4
LF:2
LH:2
BRF:0
BRH:0
end_of_record
TN:
SF:/Users/christophernady/Development/code/dfs-insights-react-client/src/Components/IntroText.jsx
FN:5,(anonymous_0)
FNF:1
FNH:1
FNDA:1,(anonymous_0)
DA:6,1
LF:1
LH:1
BRF:0
BRH:0
end_of_record
TN:
SF:/Users/christophernady/Development/code/dfs-insights-react-client/src/Components/Lineup.jsx
FN:4,(anonymous_0)
FN:12,(anonymous_1)
FN:14,(anonymous_2)
FN:21,(anonymous_3)
FNF:4
FNH:4
FNDA:1,(anonymous_0)
FNDA:1,(anonymous_1)
FNDA:1,(anonymous_2)
FNDA:2,(anonymous_3)
DA:5,1
DA:7,1
DA:13,1
DA:14,1
DA:15,1
DA:16,1
DA:18,1
DA:22,2
LF:8
LH:8
BRF:0
BRH:0
end_of_record
TN:
SF:/Users/christophernady/Development/code/dfs-insights-react-client/src/Components/Player.jsx
FN:4,(anonymous_0)
FNF:1
FNH:1
FNDA:1,(anonymous_0)
DA:5,1
LF:1
LH:1
BRF:0
BRH:0
end_of_record
TN:
SF:/Users/christophernady/Development/code/dfs-insights-react-client/src/Components/Players.jsx
FN:7,(anonymous_0)
FN:15,(anonymous_1)
FN:26,(anonymous_2)
FN:29,(anonymous_3)
FN:30,(anonymous_4)
FN:46,(anonymous_5)
FN:48,(anonymous_6)
FN:62,(anonymous_7)
FNF:8
FNH:3
FNDA:1,(anonymous_0)
FNDA:1,(anonymous_1)
FNDA:0,(anonymous_2)
FNDA:0,(anonymous_3)
FNDA:0,(anonymous_4)
FNDA:0,(anonymous_5)
FNDA:0,(anonymous_6)
FNDA:1,(anonymous_7)
DA:8,1
DA:10,1
DA:16,1
DA:17,1
DA:18,1
DA:27,0
DA:30,0
DA:31,0
DA:40,0
DA:41,0
DA:46,0
DA:48,0
DA:49,0
DA:58,0
DA:63,1
LF:15
LH:6
BRDA:17,0,0,1
BRDA:17,0,1,0
BRF:2
BRH:1
end_of_record
TN:
SF:/Users/christophernady/Development/code/dfs-insights-react-client/src/Components/Slate.jsx
FN:8,(anonymous_0)
FN:16,(anonymous_1)
FN:25,(anonymous_2)
FN:28,(anonymous_3)
FN:31,(anonymous_4)
FN:34,(anonymous_5)
FNF:6
FNH:3
FNDA:1,(anonymous_0)
FNDA:1,(anonymous_1)
FNDA:0,(anonymous_2)
FNDA:0,(anonymous_3)
FNDA:0,(anonymous_4)
FNDA:1,(anonymous_5)
DA:9,1
DA:11,1
DA:17,1
DA:26,0
DA:29,0
DA:31,0
DA:35,1
DA:41,1
LF:8
LH:5
BRF:0
BRH:0
end_of_record
TN:
SF:/Users/christophernady/Development/code/dfs-insights-react-client/src/Components/Slates.jsx
FN:6,(anonymous_0)
FN:14,(anonymous_1)
FN:19,(anonymous_2)
FN:23,(anonymous_3)
FN:26,(anonymous_4)
FN:27,(anonymous_5)
FN:53,(anonymous_6)
FN:56,(anonymous_7)
FNF:8
FNH:3
FNDA:2,(anonymous_0)
FNDA:0,(anonymous_1)
FNDA:2,(anonymous_2)
FNDA:0,(anonymous_3)
FNDA:0,(anonymous_4)
FNDA:0,(anonymous_5)
FNDA:0,(anonymous_6)
FNDA:2,(anonymous_7)
DA:7,2
DA:9,2
DA:15,0
DA:16,0
DA:20,2
DA:24,0
DA:27,0
DA:28,0
DA:51,0
DA:53,0
DA:57,2
LF:11
LH:4
BRF:0
BRH:0
end_of_record
